[debug] [2023-04-18T08:30:44.944Z] ----------------------------------------------------------------------
[debug] [2023-04-18T08:30:44.946Z] Command:       C:\Program Files (x86)\nodejs\node.exe C:\Users\user\AppData\Roaming\npm\node_modules\firebase-tools\lib\bin\firebase.js deploy
[debug] [2023-04-18T08:30:44.946Z] CLI Version:   11.24.1
[debug] [2023-04-18T08:30:44.947Z] Platform:      win32
[debug] [2023-04-18T08:30:44.947Z] Node Version:  v18.15.0
[debug] [2023-04-18T08:30:44.948Z] Time:          Tue Apr 18 2023 14:30:44 GMT+0600 (Bangladesh Standard Time)
[debug] [2023-04-18T08:30:44.948Z] ----------------------------------------------------------------------
[debug] 
[debug] [2023-04-18T08:30:45.049Z] > command requires scopes: ["email","openid","https://www.googleapis.com/auth/cloudplatformprojects.readonly","https://www.googleapis.com/auth/firebase","https://www.googleapis.com/auth/cloud-platform"]
[debug] [2023-04-18T08:30:45.049Z] > authorizing via signed-in user (mdhasan.developer@gmail.com)
[debug] [2023-04-18T08:30:45.049Z] [iam] checking project edumate-53dfb for permissions ["firebase.projects.get","firebasehosting.sites.update"]
[debug] [2023-04-18T08:30:45.051Z] > refreshing access token with scopes: []
[debug] [2023-04-18T08:30:45.053Z] >>> [apiv2][query] POST https://www.googleapis.com/oauth2/v3/token [none]
[debug] [2023-04-18T08:30:45.053Z] >>> [apiv2][body] POST https://www.googleapis.com/oauth2/v3/token [omitted]
[debug] [2023-04-18T08:30:45.635Z] <<< [apiv2][status] POST https://www.googleapis.com/oauth2/v3/token 200
[debug] [2023-04-18T08:30:45.637Z] <<< [apiv2][body] POST https://www.googleapis.com/oauth2/v3/token [omitted]
[debug] [2023-04-18T08:30:45.673Z] >>> [apiv2][query] POST https://cloudresourcemanager.googleapis.com/v1/projects/edumate-53dfb:testIamPermissions [none]
[debug] [2023-04-18T08:30:45.674Z] >>> [apiv2][(partial)header] POST https://cloudresourcemanager.googleapis.com/v1/projects/edumate-53dfb:testIamPermissions x-goog-quota-user=projects/edumate-53dfb
[debug] [2023-04-18T08:30:45.674Z] >>> [apiv2][body] POST https://cloudresourcemanager.googleapis.com/v1/projects/edumate-53dfb:testIamPermissions {"permissions":["firebase.projects.get","firebasehosting.sites.update"]}
[debug] [2023-04-18T08:30:47.471Z] <<< [apiv2][status] POST https://cloudresourcemanager.googleapis.com/v1/projects/edumate-53dfb:testIamPermissions 200
[debug] [2023-04-18T08:30:47.472Z] <<< [apiv2][body] POST https://cloudresourcemanager.googleapis.com/v1/projects/edumate-53dfb:testIamPermissions {"permissions":["firebase.projects.get","firebasehosting.sites.update"]}
[debug] [2023-04-18T08:30:47.477Z] >>> [apiv2][query] GET https://firebase.googleapis.com/v1beta1/projects/edumate-53dfb [none]
[debug] [2023-04-18T08:30:48.256Z] <<< [apiv2][status] GET https://firebase.googleapis.com/v1beta1/projects/edumate-53dfb 200
[debug] [2023-04-18T08:30:48.257Z] <<< [apiv2][body] GET https://firebase.googleapis.com/v1beta1/projects/edumate-53dfb {"projectId":"edumate-53dfb","projectNumber":"73505704580","displayName":"Edumate","name":"projects/edumate-53dfb","resources":{"hostingSite":"edumate-53dfb"},"state":"ACTIVE","etag":"1_f453162a-2ba1-49bc-baba-055ea889dd64"}
[info] 
[info] === Deploying to 'edumate-53dfb'...
[info] 
[info] i  deploying hosting 
[debug] [2023-04-18T08:30:48.279Z] >>> [apiv2][query] POST https://firebasehosting.googleapis.com/v1beta1/projects/-/sites/edumate-53dfb/versions [none]
[debug] [2023-04-18T08:30:48.280Z] >>> [apiv2][body] POST https://firebasehosting.googleapis.com/v1beta1/projects/-/sites/edumate-53dfb/versions {"status":"CREATED","labels":{"deployment-tool":"cli-firebase"}}
[debug] [2023-04-18T08:30:50.325Z] <<< [apiv2][status] POST https://firebasehosting.googleapis.com/v1beta1/projects/-/sites/edumate-53dfb/versions 200
[debug] [2023-04-18T08:30:50.326Z] <<< [apiv2][body] POST https://firebasehosting.googleapis.com/v1beta1/projects/-/sites/edumate-53dfb/versions {"name":"projects/73505704580/sites/edumate-53dfb/versions/43742e0c78779d32","status":"CREATED","config":{},"labels":{"deployment-tool":"cli-firebase"}}
[info] i  hosting[edumate-53dfb]: beginning deploy... 
[info] i  hosting[edumate-53dfb]: found 36 files in build 
[debug] [2023-04-18T08:30:50.378Z] [hosting] uploading with 200 concurrency
[debug] [2023-04-18T08:30:51.611Z] [hosting] hash cache [YnVpbGQ] stored for 36 files
[debug] [2023-04-18T08:30:51.611Z] [hosting][hash queue][FINAL] {"max":1199,"min":17,"avg":93.30555555555556,"active":0,"complete":36,"success":36,"errored":0,"retried":0,"total":36,"elapsed":1215}
[debug] [2023-04-18T08:30:51.612Z] >>> [apiv2][query] POST https://firebasehosting.googleapis.com/v1beta1/projects/73505704580/sites/edumate-53dfb/versions/43742e0c78779d32:populateFiles [none]
[debug] [2023-04-18T08:30:51.612Z] >>> [apiv2][body] POST https://firebasehosting.googleapis.com/v1beta1/projects/73505704580/sites/edumate-53dfb/versions/43742e0c78779d32:populateFiles {"files":{"/blogdata.json":"a1b381b5228f9fe3876e9a4a4193a070e03ee584ea04b4b4c24e2447ff5349c6","/dark-Logo.png":"72804a5d40cb114e051fff57f4765570c7d0025b880b5620abd5097f60c541c6","/edumateLogo.png":"6684d8897f6111468eceddb83d82b51d87838ff7bfb94281a076ac763c00a396","/logo192.png":"3ee59515172ee198f3be375979df15ac5345183e656720a381b8872b2a39dc8b","/logo512.png":"ee7e2f3fdb8209c4b6fd7bef6ba50d1b9dba30a25bb5c3126df057e1cb6f5331","/manifest.json":"aff3449bdc238776f5d6d967f19ec491b36aed5fb7f23ccff6500736fd58494a","/robots.txt":"bfe106a3fb878dc83461c86818bf74fc1bdc7f28538ba613cd3e775516ce8b49","/teachers.json":"77dce688b3f52e2db13209bf57edf073ee2558281b430895a1a4a07c5bbe68f8","/asset-manifest.json":"4431df4c727eaadba5b67cf9e54e5e380b7424b84b6a57ec8d569480b5d3ab7f","/index.html":"8469a02cdc59b395e804c176ce0ba73bb9d5ae56b487da6f2b11275c22a7fd3b","/static/js/787.51205ecc.chunk.js":"38be9ffb0da622e4a727e753f857464d81de14b2ab77fd141a6e9286ee080f5c","/static/js/787.51205ecc.chunk.js.map":"3fafc947fa314187b0fd62762021b4a2e0ce8a576924ee9f75ab7c00c206d591","/static/js/main.db55ecbb.js.LICENSE.txt":"0a634a77e672d0027c0b951ffde085ebf3c33ee31f0e749da80e2cbb20a33a29","/static/media/all.92c2fd6790b747476d09.png":"ca7083d2fa70e522220cd5a9fe10cc4a32006b482ecc50653ed4fa3b8b63a8ca","/static/media/book.4ec1ef2b2fd62842a489.png":"8f68d16df60ce57d69a61e6fa7920ab906f984d081161239179d13617eda7e17","/static/media/dark-Logo.45fe4e7879b2c69e943a.png":"35d3cf96c4c83f0b2e2e4956845733b5b22a6189f95d76735bb9f8e5febb45e6","/static/media/help.8c876fd359d3d306f624.png":"ca027f10b51f277d4f997aa20797eabad4fb779d9eb461c41e0c63287f3b89f5","/static/media/science.8776d93db0ce2162429d.png":"8d616d0d110b0fe032bbbc4d0a2701b099eaedd9e2472e63f2422932202d7b94","/static/media/BeATutorImage.d0d30f246b37aff21f4c.png":"cf310065584a4f402d227c090322f6776d62562b972dd36d3ead9134a1932798","/static/media/BeATutorImage2.dd22cb1531c790644349.png":"49aa52c120fbfe985479d90eb0cca7b0ce344f0f40d9783f0e675cda7b4957b2","/static/media/blogLogo.dd25a7742d2a7d3fd155.png":"d5cb16fc40aa03ebff0207993ba9a4255fb095041892b6442f61254584e0c899","/static/media/commerce.ac1fa0cd6e4196823268.png":"0daffdfa81c3152a01be10d444f63b28da8e2ba2f3c3fda051cca736c59411ee","/static/media/logo.712ff72385dfc818fff6.png":"a6163cc5d36d5f1e8d1dfa3955ff27c44c7f7cbd1ae996dcededffa74e8de796","/static/css/main.b61a7a34.css.map":"1fa60b219f4bb9de9c784e8b3daddd48a74a491c0fedb2d62f7b1f5e123e47ac","/static/media/telephone.3c96ff1b0fac7b6b0286.png":"f30b5db7ed1421a93686d464babfa54aea4c17fa9aee2fdf25ec5ec8f1340908","/favicon.ico":"35d3cf96c4c83f0b2e2e4956845733b5b22a6189f95d76735bb9f8e5febb45e6","/static/media/data.09639c6bccfa292a8638.png":"ea3c9f09fc61fee317b13f20781325074abb2a717a5cc6d70a1e13eaf3a5538c","/static/media/edumateLogo.361168d707f2b8d114eb.png":"6684d8897f6111468eceddb83d82b51d87838ff7bfb94281a076ac763c00a396","/static/media/login.e8033d6f37b9f9241428.jpg":"103e66615c06c7ac2290996a8e2232f9deeb30ecb2a1e35e142682811c7d6785","/static/media/humanity.2cc7a781468212f81a9d.png":"f3b13ff082f566083e82a23ba27e649ed37509a26f9423c012bde663b99b741a","/static/media/satisfaction.8800548110a024a6e3d9.png":"3e423c191909f7a93e78862c551e7872ff777596ba3f87f8db8a11fb6af2bd85","/static/css/main.b61a7a34.css":"99a6b7614cf2b65975c9661b129dc0163906e959ce1b6c55cd89eb917376e4b3","/static/media/reviews.35dabfa27484a7837a91.jpg":"503864a55a1ba06b98e35e378d6607369b6b0ccab08aea42a6f9582a6f17c469","/static/media/BannerPic.46571f4f4fdce1bcec1b.png":"9250e7c6845e857ee017c7e162946ad73f56456b42b46b4ff2b20dfd8ffab4bf","/static/js/main.db55ecbb.js":"98ddcdeaee296081d203379f930e1cfc1a980b70d2129222d07850691a91c3f2","/static/js/main.db55ecbb.js.map":"58b7d5ea5cc95916466f6ed24bd2c6ed7637ad4b1bd9ab868b631625fd280a46"}}
[debug] [2023-04-18T08:30:53.083Z] <<< [apiv2][status] POST https://firebasehosting.googleapis.com/v1beta1/projects/73505704580/sites/edumate-53dfb/versions/43742e0c78779d32:populateFiles 200
[debug] [2023-04-18T08:30:53.084Z] <<< [apiv2][body] POST https://firebasehosting.googleapis.com/v1beta1/projects/73505704580/sites/edumate-53dfb/versions/43742e0c78779d32:populateFiles {"uploadRequiredHashes":["98ddcdeaee296081d203379f930e1cfc1a980b70d2129222d07850691a91c3f2","1fa60b219f4bb9de9c784e8b3daddd48a74a491c0fedb2d62f7b1f5e123e47ac","99a6b7614cf2b65975c9661b129dc0163906e959ce1b6c55cd89eb917376e4b3","4431df4c727eaadba5b67cf9e54e5e380b7424b84b6a57ec8d569480b5d3ab7f","58b7d5ea5cc95916466f6ed24bd2c6ed7637ad4b1bd9ab868b631625fd280a46","8469a02cdc59b395e804c176ce0ba73bb9d5ae56b487da6f2b11275c22a7fd3b"],"uploadUrl":"https://upload-firebasehosting.googleapis.com/upload/sites/edumate-53dfb/versions/43742e0c78779d32/files"}
[debug] [2023-04-18T08:30:53.089Z] >>> [apiv2][query] POST https://upload-firebasehosting.googleapis.com/upload/sites/edumate-53dfb/versions/43742e0c78779d32/files/98ddcdeaee296081d203379f930e1cfc1a980b70d2129222d07850691a91c3f2 [none]
[debug] [2023-04-18T08:30:53.090Z] >>> [apiv2][body] POST https://upload-firebasehosting.googleapis.com/upload/sites/edumate-53dfb/versions/43742e0c78779d32/files/98ddcdeaee296081d203379f930e1cfc1a980b70d2129222d07850691a91c3f2 [stream]
[debug] [2023-04-18T08:30:53.095Z] >>> [apiv2][query] POST https://upload-firebasehosting.googleapis.com/upload/sites/edumate-53dfb/versions/43742e0c78779d32/files/1fa60b219f4bb9de9c784e8b3daddd48a74a491c0fedb2d62f7b1f5e123e47ac [none]
[debug] [2023-04-18T08:30:53.096Z] >>> [apiv2][body] POST https://upload-firebasehosting.googleapis.com/upload/sites/edumate-53dfb/versions/43742e0c78779d32/files/1fa60b219f4bb9de9c784e8b3daddd48a74a491c0fedb2d62f7b1f5e123e47ac [stream]
[debug] [2023-04-18T08:30:53.100Z] >>> [apiv2][query] POST https://upload-firebasehosting.googleapis.com/upload/sites/edumate-53dfb/versions/43742e0c78779d32/files/99a6b7614cf2b65975c9661b129dc0163906e959ce1b6c55cd89eb917376e4b3 [none]
[debug] [2023-04-18T08:30:53.101Z] >>> [apiv2][body] POST https://upload-firebasehosting.googleapis.com/upload/sites/edumate-53dfb/versions/43742e0c78779d32/files/99a6b7614cf2b65975c9661b129dc0163906e959ce1b6c55cd89eb917376e4b3 [stream]
[debug] [2023-04-18T08:30:53.103Z] >>> [apiv2][query] POST https://upload-firebasehosting.googleapis.com/upload/sites/edumate-53dfb/versions/43742e0c78779d32/files/4431df4c727eaadba5b67cf9e54e5e380b7424b84b6a57ec8d569480b5d3ab7f [none]
[debug] [2023-04-18T08:30:53.103Z] >>> [apiv2][body] POST https://upload-firebasehosting.googleapis.com/upload/sites/edumate-53dfb/versions/43742e0c78779d32/files/4431df4c727eaadba5b67cf9e54e5e380b7424b84b6a57ec8d569480b5d3ab7f [stream]
[debug] [2023-04-18T08:30:53.107Z] >>> [apiv2][query] POST https://upload-firebasehosting.googleapis.com/upload/sites/edumate-53dfb/versions/43742e0c78779d32/files/58b7d5ea5cc95916466f6ed24bd2c6ed7637ad4b1bd9ab868b631625fd280a46 [none]
[debug] [2023-04-18T08:30:53.107Z] >>> [apiv2][body] POST https://upload-firebasehosting.googleapis.com/upload/sites/edumate-53dfb/versions/43742e0c78779d32/files/58b7d5ea5cc95916466f6ed24bd2c6ed7637ad4b1bd9ab868b631625fd280a46 [stream]
[debug] [2023-04-18T08:30:53.110Z] >>> [apiv2][query] POST https://upload-firebasehosting.googleapis.com/upload/sites/edumate-53dfb/versions/43742e0c78779d32/files/8469a02cdc59b395e804c176ce0ba73bb9d5ae56b487da6f2b11275c22a7fd3b [none]
[debug] [2023-04-18T08:30:53.110Z] >>> [apiv2][body] POST https://upload-firebasehosting.googleapis.com/upload/sites/edumate-53dfb/versions/43742e0c78779d32/files/8469a02cdc59b395e804c176ce0ba73bb9d5ae56b487da6f2b11275c22a7fd3b [stream]
[debug] [2023-04-18T08:30:53.113Z] [hosting][populate queue][FINAL] {"max":1479,"min":1479,"avg":1479,"active":0,"complete":1,"success":1,"errored":0,"retried":0,"total":1,"elapsed":1503}
[debug] [2023-04-18T08:30:53.113Z] [hosting] uploads queued: 6
[debug] [2023-04-18T08:30:55.624Z] <<< [apiv2][status] POST https://upload-firebasehosting.googleapis.com/upload/sites/edumate-53dfb/versions/43742e0c78779d32/files/99a6b7614cf2b65975c9661b129dc0163906e959ce1b6c55cd89eb917376e4b3 200
[debug] [2023-04-18T08:30:55.625Z] <<< [apiv2][body] POST https://upload-firebasehosting.googleapis.com/upload/sites/edumate-53dfb/versions/43742e0c78779d32/files/99a6b7614cf2b65975c9661b129dc0163906e959ce1b6c55cd89eb917376e4b3 [stream]
[debug] [2023-04-18T08:30:55.648Z] <<< [apiv2][status] POST https://upload-firebasehosting.googleapis.com/upload/sites/edumate-53dfb/versions/43742e0c78779d32/files/4431df4c727eaadba5b67cf9e54e5e380b7424b84b6a57ec8d569480b5d3ab7f 200
[debug] [2023-04-18T08:30:55.648Z] <<< [apiv2][body] POST https://upload-firebasehosting.googleapis.com/upload/sites/edumate-53dfb/versions/43742e0c78779d32/files/4431df4c727eaadba5b67cf9e54e5e380b7424b84b6a57ec8d569480b5d3ab7f [stream]
[debug] [2023-04-18T08:30:55.692Z] <<< [apiv2][status] POST https://upload-firebasehosting.googleapis.com/upload/sites/edumate-53dfb/versions/43742e0c78779d32/files/8469a02cdc59b395e804c176ce0ba73bb9d5ae56b487da6f2b11275c22a7fd3b 200
[debug] [2023-04-18T08:30:55.692Z] <<< [apiv2][body] POST https://upload-firebasehosting.googleapis.com/upload/sites/edumate-53dfb/versions/43742e0c78779d32/files/8469a02cdc59b395e804c176ce0ba73bb9d5ae56b487da6f2b11275c22a7fd3b [stream]
[debug] [2023-04-18T08:30:56.270Z] <<< [apiv2][status] POST https://upload-firebasehosting.googleapis.com/upload/sites/edumate-53dfb/versions/43742e0c78779d32/files/1fa60b219f4bb9de9c784e8b3daddd48a74a491c0fedb2d62f7b1f5e123e47ac 200
[debug] [2023-04-18T08:30:56.270Z] <<< [apiv2][body] POST https://upload-firebasehosting.googleapis.com/upload/sites/edumate-53dfb/versions/43742e0c78779d32/files/1fa60b219f4bb9de9c784e8b3daddd48a74a491c0fedb2d62f7b1f5e123e47ac [stream]
[debug] [2023-04-18T08:30:58.803Z] <<< [apiv2][status] POST https://upload-firebasehosting.googleapis.com/upload/sites/edumate-53dfb/versions/43742e0c78779d32/files/98ddcdeaee296081d203379f930e1cfc1a980b70d2129222d07850691a91c3f2 200
[debug] [2023-04-18T08:30:58.804Z] <<< [apiv2][body] POST https://upload-firebasehosting.googleapis.com/upload/sites/edumate-53dfb/versions/43742e0c78779d32/files/98ddcdeaee296081d203379f930e1cfc1a980b70d2129222d07850691a91c3f2 [stream]
